<?xml version="1.0" encoding="UTF-8"?>
<robot generator="Robot 6.0.2 (Python 3.7.7 on win32)" generated="20230524 12:14:43.043" rpa="false" schemaversion="3">
<suite id="s1" name="delete StudentDetails" source="C:\Users\KloverCloud\PycharmProjects\Api_Automation\StudentsDetails\delete_StudentDetails.robot">
<test id="s1-t1" name="TC003 Delete Request" line="18">
<kw name="Create Session" library="RequestsLibrary">
<arg>AppAccess</arg>
<arg>${Base_Url}</arg>
<doc>Create Session: create a HTTP session to a server</doc>
<msg timestamp="20230524 12:14:43.250" level="INFO">Creating Session using : alias=AppAccess, url=http://thetestingworldapi.com, headers={},                     cookies={}, auth=None, timeout=None, proxies=None, verify=False,                     debug=0 </msg>
<status status="PASS" starttime="20230524 12:14:43.250" endtime="20230524 12:14:43.250"/>
</kw>
<kw name="DELETE On Session" library="RequestsLibrary">
<var>${response}</var>
<arg>AppAccess</arg>
<arg>/api/studentsDetails/7542713</arg>
<doc>Sends a DELETE request on a previously created HTTP Session.</doc>
<msg timestamp="20230524 12:14:43.628" level="INFO">DELETE Request : url=http://thetestingworldapi.com/api/studentsDetails/7542713 (redirected) 
 path_url=/api/studentsDetails/7542713 
 headers={'User-Agent': 'python-requests/2.31.0', 'Accept-Encoding': 'gzip, deflate', 'Accept': '*/*', 'Connection': 'keep-alive', 'Content-Length': '0'} 
 body=None 
 </msg>
<msg timestamp="20230524 12:14:43.628" level="INFO">DELETE Response : url=https://thetestingworldapi.com/api/studentsDetails/7542713 
 status=200, reason=OK 
 headers={'Cache-Control': 'no-cache', 'Pragma': 'no-cache', 'Content-Type': 'application/json; charset=utf-8', 'Expires': '-1', 'Server': 'Microsoft-IIS/10.0', 'X-AspNet-Version': '4.0.30319', 'X-Powered-By': 'ASP.NET', 'X-Powered-By-Plesk': 'PleskWin', 'Date': 'Wed, 24 May 2023 06:14:44 GMT', 'Content-Length': '46'} 
 body={"status":"true","msg":"Delete  data success"} 
 </msg>
<msg timestamp="20230524 12:14:43.628" level="INFO">C:\Users\KloverCloud\PycharmProjects\Api_Automation\venv\lib\site-packages\urllib3\connectionpool.py:1102: InsecureRequestWarning: Unverified HTTPS request is being made to host 'thetestingworldapi.com'. Adding certificate verification is strongly advised. See: https://urllib3.readthedocs.io/en/latest/advanced-usage.html#tls-warnings
  InsecureRequestWarning,</msg>
<msg timestamp="20230524 12:14:43.628" level="INFO">${response} = &lt;Response [200]&gt;</msg>
<status status="PASS" starttime="20230524 12:14:43.250" endtime="20230524 12:14:43.628"/>
</kw>
<kw name="Log To Console" library="BuiltIn">
<arg>${response.status_code}</arg>
<doc>Logs the given message to the console.</doc>
<status status="PASS" starttime="20230524 12:14:43.628" endtime="20230524 12:14:43.628"/>
</kw>
<kw name="Log To Console" library="BuiltIn">
<arg>${response.content}</arg>
<doc>Logs the given message to the console.</doc>
<status status="PASS" starttime="20230524 12:14:43.644" endtime="20230524 12:14:43.644"/>
</kw>
<kw name="Convert To String" library="BuiltIn">
<var>${code}</var>
<arg>${response.status_code}</arg>
<doc>Converts the given item to a Unicode string.</doc>
<msg timestamp="20230524 12:14:43.644" level="INFO">${code} = 200</msg>
<status status="PASS" starttime="20230524 12:14:43.644" endtime="20230524 12:14:43.644"/>
</kw>
<kw name="Should Be Equal" library="BuiltIn">
<arg>${code}</arg>
<arg>200</arg>
<doc>Fails if the given objects are unequal.</doc>
<status status="PASS" starttime="20230524 12:14:43.644" endtime="20230524 12:14:43.644"/>
</kw>
<kw>
<var>${jsonresponse}=</var>
<var>${resp.json()}</var>
<var>${response.content}</var>
<msg timestamp="20230524 12:14:43.644" level="FAIL">Keyword name cannot be empty.</msg>
<status status="FAIL" starttime="20230524 12:14:43.644" endtime="20230524 12:14:43.644"/>
</kw>
<kw name="Get Value From Json" library="JSONLibrary">
<var>@{status_list}</var>
<arg>${jsonresponse}</arg>
<arg>status</arg>
<doc>Get Value From JSON using JSONPath</doc>
<status status="NOT RUN" starttime="20230524 12:14:43.644" endtime="20230524 12:14:43.644"/>
</kw>
<kw name="Get From List" library="Collections">
<var>${status}</var>
<arg>@{status_list}</arg>
<arg>0</arg>
<doc>Returns the value specified with an ``index`` from ``list``.</doc>
<status status="NOT RUN" starttime="20230524 12:14:43.644" endtime="20230524 12:14:43.644"/>
</kw>
<kw name="Should Be Equal" library="BuiltIn">
<arg>${status}</arg>
<arg>true</arg>
<doc>Fails if the given objects are unequal.</doc>
<status status="NOT RUN" starttime="20230524 12:14:43.644" endtime="20230524 12:14:43.644"/>
</kw>
<status status="FAIL" starttime="20230524 12:14:43.250" endtime="20230524 12:14:43.644">Keyword name cannot be empty.</status>
</test>
<status status="FAIL" starttime="20230524 12:14:43.043" endtime="20230524 12:14:43.644"/>
</suite>
<statistics>
<total>
<stat pass="0" fail="1" skip="0">All Tests</stat>
</total>
<tag>
</tag>
<suite>
<stat pass="0" fail="1" skip="0" id="s1" name="delete StudentDetails">delete StudentDetails</stat>
</suite>
</statistics>
<errors>
</errors>
</robot>
